[debug] [2022-08-17T21:35:41.519Z] ----------------------------------------------------------------------
[debug] [2022-08-17T21:35:41.520Z] Command:       /usr/local/bin/node /usr/local/bin/firebase init
[debug] [2022-08-17T21:35:41.520Z] CLI Version:   11.7.0
[debug] [2022-08-17T21:35:41.520Z] Platform:      darwin
[debug] [2022-08-17T21:35:41.520Z] Node Version:  v16.16.0
[debug] [2022-08-17T21:35:41.524Z] Time:          Wed Aug 17 2022 22:35:41 GMT+0100 (British Summer Time)
[debug] [2022-08-17T21:35:41.524Z] ----------------------------------------------------------------------
[debug] 
[debug] [2022-08-17T21:35:41.526Z] > command requires scopes: ["email","openid","https://www.googleapis.com/auth/cloudplatformprojects.readonly","https://www.googleapis.com/auth/firebase","https://www.googleapis.com/auth/cloud-platform"]
[debug] [2022-08-17T21:35:41.527Z] > authorizing via signed-in user (harimtanko@gmail.com)
[info] 
     ######## #### ########  ######## ########     ###     ######  ########
     ##        ##  ##     ## ##       ##     ##  ##   ##  ##       ##
     ######    ##  ########  ######   ########  #########  ######  ######
     ##        ##  ##    ##  ##       ##     ## ##     ##       ## ##
     ##       #### ##     ## ######## ########  ##     ##  ######  ########

You're about to initialize a Firebase project in this directory:

  /Users/harimtanko/Desktop/Web Development/Angular/Angular Course/Recipe-app

[info] 
=== Project Setup
[info] 
[info] First, let's associate this project directory with a Firebase project.
[info] You can create multiple project aliases by running firebase use --add, 
[info] but for now we'll just set up a default project.
[info] 
[debug] [2022-08-17T21:37:01.722Z] >>> [apiv2][query] GET https://firebase.googleapis.com/v1beta1/projects pageSize=100
[debug] [2022-08-17T21:37:02.303Z] <<< [apiv2][status] GET https://firebase.googleapis.com/v1beta1/projects 200
[debug] [2022-08-17T21:37:02.304Z] <<< [apiv2][body] GET https://firebase.googleapis.com/v1beta1/projects [omitted]
[info] i  Using project ng-course-recipe-book-41d8a (ng-course-recipe-book) 
[info] 
=== Hosting Setup
[info] 
[info] Your public directory is the folder (relative to your project directory) that
[info] will contain Hosting assets to be uploaded with firebase deploy. If you
[info] have a build process for your assets, use your build's output directory.
[info] 
[debug] [2022-08-17T21:40:00.360Z] >>> [apiv2][query] GET https://www.gstatic.com/firebasejs/releases.json [none]
[debug] [2022-08-17T21:40:00.432Z] <<< [apiv2][status] GET https://www.gstatic.com/firebasejs/releases.json 200
[debug] [2022-08-17T21:40:00.432Z] <<< [apiv2][body] GET https://www.gstatic.com/firebasejs/releases.json {"current":{"version":"9.9.2","browserURL":"https://www.gstatic.com/firebasejs/9.9.2/firebase.js","packageURL":"https://www.gstatic.com/firebasejs/9.9.2/firebase.tgz"},"live":{"version":"9.9","browserURL":"https://www.gstatic.com/firebasejs/live/9.9/firebase.js","packageURL":"https://www.gstatic.com/firebasejs/live/9.9/firebase.tgz"},"components":{"analytics":"https://www.gstatic.com/firebasejs/9.9.2/firebase-analytics.js","app":"https://www.gstatic.com/firebasejs/9.9.2/firebase-app.js","app-check":"https://www.gstatic.com/firebasejs/9.9.2/firebase-app-check.js","auth":"https://www.gstatic.com/firebasejs/9.9.2/firebase-auth.js","auth/cordova":"https://www.gstatic.com/firebasejs/9.9.2/firebase-auth/cordova.js","auth/react-native":"https://www.gstatic.com/firebasejs/9.9.2/firebase-auth/react-native.js","functions":"https://www.gstatic.com/firebasejs/9.9.2/firebase-functions.js","firestore":"https://www.gstatic.com/firebasejs/9.9.2/firebase-firestore.js","firestore/lite":"https://www.gstatic.com/firebasejs/9.9.2/firebase-firestore/lite.js","installations":"https://www.gstatic.com/firebasejs/9.9.2/firebase-installations.js","storage":"https://www.gstatic.com/firebasejs/9.9.2/firebase-storage.js","performance":"https://www.gstatic.com/firebasejs/9.9.2/firebase-performance.js","remote-config":"https://www.gstatic.com/firebasejs/9.9.2/firebase-remote-config.js","messaging":"https://www.gstatic.com/firebasejs/9.9.2/firebase-messaging.js","messaging/sw":"https://www.gstatic.com/firebasejs/9.9.2/firebase-messaging/sw.js","database":"https://www.gstatic.com/firebasejs/9.9.2/firebase-database.js","firestore.memory":"https://www.gstatic.com/firebasejs/9.9.2/firebase-firestore.memory.js"}}
[info] i  Skipping write of dist/recipe-app/index.html 
[info] 
[info] i  Detected a .git folder at /Users/harimtanko/Desktop/Web Development/Angular/Angular Course/Recipe-app 
[info] i  Authorizing with GitHub to upload your service account to a GitHub repository's secrets store. 
[info] 
[info] Visit this URL on this device to log in:
[info] https://github.com/login/oauth/authorize?client_id=89cf50f02ac6aaed3484&state=1033526668&redirect_uri=http%3A%2F%2Flocalhost%3A9005&scope=read%3Auser%20repo%20public_repo
[info] 
[info] Waiting for authentication...
[debug] [2022-08-17T21:40:10.422Z] >>> [apiv2][query] POST https://github.com/login/oauth/access_token [none]
[debug] [2022-08-17T21:40:10.422Z] >>> [apiv2][body] POST https://github.com/login/oauth/access_token [stream]
[debug] [2022-08-17T21:40:10.701Z] <<< [apiv2][status] POST https://github.com/login/oauth/access_token 200
[debug] [2022-08-17T21:40:10.701Z] <<< [apiv2][body] POST https://github.com/login/oauth/access_token {"access_token":"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","token_type":"bearer","scope":"read:user,repo"}
[debug] [2022-08-17T21:40:10.710Z] >>> [apiv2][query] GET https://api.github.com/user [none]
[debug] [2022-08-17T21:40:11.007Z] <<< [apiv2][status] GET https://api.github.com/user 200
[debug] [2022-08-17T21:40:11.007Z] <<< [apiv2][body] GET https://api.github.com/user {"login":"HarimTanko","id":63305638,"node_id":"MDQ6VXNlcjYzMzA1NjM4","avatar_url":"https://avatars.githubusercontent.com/u/63305638?v=4","gravatar_id":"","url":"https://api.github.com/users/HarimTanko","html_url":"https://github.com/HarimTanko","followers_url":"https://api.github.com/users/HarimTanko/followers","following_url":"https://api.github.com/users/HarimTanko/following{/other_user}","gists_url":"https://api.github.com/users/HarimTanko/gists{/gist_id}","starred_url":"https://api.github.com/users/HarimTanko/starred{/owner}{/repo}","subscriptions_url":"https://api.github.com/users/HarimTanko/subscriptions","organizations_url":"https://api.github.com/users/HarimTanko/orgs","repos_url":"https://api.github.com/users/HarimTanko/repos","events_url":"https://api.github.com/users/HarimTanko/events{/privacy}","received_events_url":"https://api.github.com/users/HarimTanko/received_events","type":"User","site_admin":false,"name":null,"company":null,"blog":"","location":null,"email":null,"hireable":null,"bio":null,"twitter_username":null,"public_repos":27,"public_gists":0,"followers":1,"following":6,"created_at":"2020-04-07T15:23:54Z","updated_at":"2022-08-08T21:41:57Z","private_gists":0,"total_private_repos":12,"owned_private_repos":11,"disk_usage":122636,"collaborators":0,"two_factor_authentication":false,"plan":{"name":"free","space":976562499,"collaborators":0,"private_repos":10000}}
[info] 
[info] ✔  Success! Logged into GitHub as HarimTanko 
[info] 
